{"level":"info","message":"fetchUsers action called!","timestamp":"2024-11-25 19:40:21"}
{"level":"info","message":"fetchUsers action called!","timestamp":"2024-11-25 19:40:32"}
{"level":"info","message":"Usuário 1 buscou 1 usuários","timestamp":"2024-11-25 19:40:32"}
{"level":"info","message":"fetchUsers action called!","timestamp":"2024-11-25 19:40:35"}
{"level":"info","message":"Usuário 1 buscou 1 usuários","timestamp":"2024-11-25 19:40:35"}
{"level":"info","message":"fetchUsers action called!","timestamp":"2024-11-25 19:40:36"}
{"level":"info","message":"Usuário 1 buscou 1 usuários","timestamp":"2024-11-25 19:40:36"}
{"level":"info","message":"fetchUsers action called!","timestamp":"2024-11-25 19:40:40"}
{"level":"info","message":"Usuário 1 buscou 1 usuários","timestamp":"2024-11-25 19:40:40"}
{"level":"info","message":"fetchUsers action called!","timestamp":"2024-11-25 19:40:48"}
{"level":"info","message":"Usuário 1 buscou 1 usuários","timestamp":"2024-11-25 19:40:48"}
{"level":"info","message":"fetchUsers action called!","timestamp":"2024-11-25 19:41:08"}
{"level":"info","message":"Usuário 1 buscou 1 usuários","timestamp":"2024-11-25 19:41:08"}
{"level":"info","message":"fetchUsers action called!","timestamp":"2024-11-25 19:41:31"}
{"level":"info","message":"Usuário 1 buscou 2 usuários","timestamp":"2024-11-25 19:41:31"}
{"level":"info","message":"deleteUser action called for id 2","timestamp":"2024-11-25 19:41:36"}
{"level":"info","message":"User 2 deletado logicamente pelo usuário 1","timestamp":"2024-11-25 19:41:36"}
{"level":"info","message":"fetchUsers action called!","timestamp":"2024-11-25 19:41:36"}
{"level":"info","message":"Usuário 1 buscou 1 usuários","timestamp":"2024-11-25 19:41:36"}
{"level":"info","message":"fetchUsers action called!","timestamp":"2024-11-25 19:42:30"}
{"level":"info","message":"fetchUsers action called!","timestamp":"2024-11-25 19:42:49"}
{"level":"info","message":"Usuário 1 buscou 1 usuários","timestamp":"2024-11-25 19:42:49"}
{"level":"info","message":"fetchUsers action called!","timestamp":"2024-11-25 19:43:20"}
{"level":"info","message":"Usuário 1 buscou 1 usuários","timestamp":"2024-11-25 19:43:20"}
{"error":{"name":"SWRError"},"level":"error","message":"Erro ao buscar usuários: Usuário não autenticado","timestamp":"2024-11-25 19:43:20"}
{"level":"info","message":"fetchUsers action called!","timestamp":"2024-11-25 19:43:44"}
{"level":"info","message":"Usuário 1 buscou 1 usuários","timestamp":"2024-11-25 19:43:44"}
{"error":{"name":"SWRError"},"level":"error","message":"Erro ao buscar usuários: teste","timestamp":"2024-11-25 19:43:44"}
{"level":"info","message":"fetchUsers action called!","timestamp":"2024-11-25 19:51:42"}
{"level":"info","message":"Usuário 1 buscou 1 usuários","timestamp":"2024-11-25 19:51:42"}
{"error":{"name":"SWRError"},"level":"error","message":"Erro ao buscar usuários: teste","timestamp":"2024-11-25 19:51:42"}
{"level":"info","message":"fetchUsers action called!","timestamp":"2024-11-25 19:52:23"}
{"level":"info","message":"Usuário 1 buscou 1 usuários","timestamp":"2024-11-25 19:52:23"}
{"level":"info","message":"fetchUsers action called!","timestamp":"2024-11-25 19:52:46"}
{"level":"info","message":"fetchUsers action called!","timestamp":"2024-11-25 19:53:55"}
{"level":"info","message":"fetchUsers action called!","timestamp":"2024-11-25 19:54:16"}
{"level":"info","message":"fetchUsers action called!","timestamp":"2024-11-25 20:03:07"}
{"level":"info","message":"fetchUsers action called!","timestamp":"2024-11-25 20:03:24"}
{"level":"info","message":"fetchUsers action called!","timestamp":"2024-11-25 20:04:17"}
{"level":"info","message":"fetchUsers action called!","timestamp":"2024-11-25 20:07:10"}
{"level":"info","message":"fetchUsers action called!","timestamp":"2024-11-25 20:08:19"}
{"level":"info","message":"Usuário 1 buscou 1 usuários","timestamp":"2024-11-25 20:08:19"}
{"level":"info","message":"fetchUsers action called!","timestamp":"2024-11-25 20:10:34"}
{"level":"info","message":"Usuário 1 buscou 1 usuários","timestamp":"2024-11-25 20:10:34"}
{"level":"info","message":"fetchUsers action called!","timestamp":"2024-11-25 20:10:36"}
{"level":"info","message":"Usuário 1 buscou 1 usuários","timestamp":"2024-11-25 20:10:36"}
{"level":"info","message":"fetchUsers action called!","timestamp":"2024-11-25 20:10:39"}
{"level":"info","message":"Usuário 1 buscou 1 usuários","timestamp":"2024-11-25 20:10:39"}
{"level":"info","message":"fetchUsers action called!","timestamp":"2024-11-25 20:10:41"}
{"level":"info","message":"Usuário 1 buscou 1 usuários","timestamp":"2024-11-25 20:10:41"}
{"level":"info","message":"fetchUsers action called!","timestamp":"2024-11-25 20:10:59"}
{"level":"info","message":"Usuário 1 buscou 1 usuários","timestamp":"2024-11-25 20:10:59"}
{"level":"info","message":"fetchUsers action called!","timestamp":"2024-11-25 20:11:48"}
{"level":"info","message":"Usuário 1 buscou 1 usuários","timestamp":"2024-11-25 20:11:48"}
{"level":"info","message":"fetchUsers action called!","timestamp":"2024-11-25 20:11:50"}
{"level":"info","message":"Usuário 1 buscou 1 usuários","timestamp":"2024-11-25 20:11:50"}
{"level":"info","message":"fetchUsers action called!","timestamp":"2024-11-25 20:11:52"}
{"level":"info","message":"Usuário 1 buscou 1 usuários","timestamp":"2024-11-25 20:11:52"}
{"level":"info","message":"fetchUsers action called!","timestamp":"2024-11-25 20:12:06"}
{"level":"info","message":"fetchUsers action called!","timestamp":"2024-11-25 20:12:09"}
{"level":"info","message":"fetchUsers action called!","timestamp":"2024-11-25 20:12:26"}
{"level":"info","message":"Usuário 1 buscou 1 usuários","timestamp":"2024-11-25 20:12:26"}
{"level":"info","message":"fetchUsers action called!","timestamp":"2024-11-25 20:12:52"}
{"level":"info","message":"Usuário 1 buscou 1 usuários","timestamp":"2024-11-25 20:12:52"}
{"error":{"name":"SWRError"},"level":"error","message":"Erro ao buscar usuários: teste","timestamp":"2024-11-25 20:12:52"}
{"level":"info","message":"fetchUsers action called!","timestamp":"2024-11-25 20:13:07"}
{"level":"info","message":"Usuário 1 buscou 1 usuários","timestamp":"2024-11-25 20:13:07"}
{"level":"info","message":"fetchUsers action called!","timestamp":"2024-11-25 20:13:20"}
{"level":"info","message":"Usuário 1 buscou 1 usuários","timestamp":"2024-11-25 20:13:20"}
{"level":"info","message":"fetchUsers action called!","timestamp":"2024-11-25 20:13:21"}
{"level":"info","message":"Usuário 1 buscou 1 usuários","timestamp":"2024-11-25 20:13:21"}
{"level":"info","message":"fetchUsers action called!","timestamp":"2024-11-25 20:16:00"}
{"level":"info","message":"Usuário 1 buscou 1 usuários","timestamp":"2024-11-25 20:16:00"}
{"level":"info","message":"fetchUsers action called!","timestamp":"2024-11-25 20:16:06"}
{"level":"info","message":"Usuário 1 buscou 1 usuários","timestamp":"2024-11-25 20:16:06"}
{"level":"info","message":"fetchUsers action called!","timestamp":"2024-11-25 20:16:22"}
{"level":"info","message":"Usuário 1 buscou 1 usuários","timestamp":"2024-11-25 20:16:22"}
{"level":"info","message":"fetchUsers action called!","timestamp":"2024-11-25 20:16:23"}
{"level":"info","message":"Usuário 1 buscou 1 usuários","timestamp":"2024-11-25 20:16:23"}
{"level":"info","message":"fetchUsers action called!","timestamp":"2024-11-25 20:16:56"}
{"level":"info","message":"Usuário 1 buscou 1 usuários","timestamp":"2024-11-25 20:16:56"}
{"level":"info","message":"fetchUsers action called!","timestamp":"2024-11-25 20:18:23"}
{"level":"info","message":"Usuário 1 buscou 1 usuários","timestamp":"2024-11-25 20:18:23"}
{"level":"info","message":"fetchUsers action called!","timestamp":"2024-11-25 20:19:26"}
{"level":"info","message":"Usuário 1 buscou 1 usuários","timestamp":"2024-11-25 20:19:26"}
{"level":"info","message":"fetchUsers action called!","timestamp":"2024-11-25 20:19:43"}
{"level":"info","message":"Usuário 1 buscou 1 usuários","timestamp":"2024-11-25 20:19:43"}
{"level":"info","message":"fetchUsers action called!","timestamp":"2024-11-25 20:19:53"}
{"level":"info","message":"Usuário 1 buscou 1 usuários","timestamp":"2024-11-25 20:19:53"}
{"level":"info","message":"fetchUsers action called!","timestamp":"2024-11-25 20:21:54"}
{"level":"info","message":"fetchUsers action called!","timestamp":"2024-11-25 20:22:47"}
{"level":"info","message":"Usuário 1 buscou 1 usuários","timestamp":"2024-11-25 20:22:47"}
{"error":{"name":"SWRError"},"level":"error","message":"Erro ao buscar usuários: Erro desconhecido ao buscar usuários","timestamp":"2024-11-25 20:22:47"}
{"level":"info","message":"fetchUsers action called!","timestamp":"2024-11-25 20:25:03"}
{"level":"info","message":"Usuário 1 buscou 1 usuários","timestamp":"2024-11-25 20:25:04"}
{"error":{"name":"SWRError"},"level":"error","message":"Erro ao buscar usuários: Erro desconhecido ao buscar usuários","timestamp":"2024-11-25 20:25:04"}
{"level":"info","message":"fetchUsers action called!","timestamp":"2024-11-25 20:25:07"}
{"level":"info","message":"Usuário 1 buscou 1 usuários","timestamp":"2024-11-25 20:25:07"}
{"error":{"name":"SWRError"},"level":"error","message":"Erro ao buscar usuários: Erro desconhecido ao buscar usuários","timestamp":"2024-11-25 20:25:07"}
{"level":"info","message":"fetchUsers action called!","timestamp":"2024-11-25 20:25:08"}
{"level":"info","message":"Usuário 1 buscou 1 usuários","timestamp":"2024-11-25 20:25:08"}
{"error":{"name":"SWRError"},"level":"error","message":"Erro ao buscar usuários: Erro desconhecido ao buscar usuários","timestamp":"2024-11-25 20:25:08"}
{"level":"info","message":"fetchUsers action called!","timestamp":"2024-11-25 20:25:19"}
{"level":"info","message":"Usuário 1 buscou 1 usuários","timestamp":"2024-11-25 20:25:19"}
{"error":{"name":"SWRError"},"level":"error","message":"Erro ao buscar usuários: Erro desconhecido ao buscar usuários","timestamp":"2024-11-25 20:25:19"}
{"level":"info","message":"fetchUsers action called!","timestamp":"2024-11-25 20:25:25"}
{"level":"info","message":"Usuário 1 buscou 1 usuários","timestamp":"2024-11-25 20:25:25"}
{"error":{"name":"SWRError"},"level":"error","message":"Erro ao buscar usuários: Erro desconhecido ao buscar usuários","timestamp":"2024-11-25 20:25:25"}
{"level":"info","message":"fetchUsers action called!","timestamp":"2024-11-25 20:25:40"}
{"level":"info","message":"Usuário 1 buscou 1 usuários","timestamp":"2024-11-25 20:25:40"}
{"level":"info","message":"fetchUsers action called!","timestamp":"2024-11-25 20:25:59"}
{"level":"info","message":"Usuário 1 buscou 1 usuários","timestamp":"2024-11-25 20:25:59"}
{"level":"info","message":"fetchUsers action called!","timestamp":"2024-11-25 20:26:04"}
{"level":"info","message":"Usuário 1 buscou 1 usuários","timestamp":"2024-11-25 20:26:04"}
{"level":"info","message":"fetchUsers action called!","timestamp":"2024-11-25 20:26:13"}
{"level":"info","message":"Usuário 1 buscou 1 usuários","timestamp":"2024-11-25 20:26:13"}
{"level":"info","message":"fetchUsers action called!","timestamp":"2024-11-25 20:26:15"}
{"level":"info","message":"Usuário 1 buscou 1 usuários","timestamp":"2024-11-25 20:26:15"}
{"level":"info","message":"fetchUsers action called!","timestamp":"2024-11-25 20:28:07"}
{"level":"info","message":"Usuário 1 buscou 1 usuários","timestamp":"2024-11-25 20:28:08"}
{"level":"info","message":"fetchUsers action called!","timestamp":"2024-11-25 20:29:29"}
{"level":"info","message":"Usuário 1 buscou 1 usuários","timestamp":"2024-11-25 20:29:29"}
{"level":"info","message":"fetchUsers action called!","timestamp":"2024-11-25 20:30:36"}
{"level":"info","message":"Usuário 1 buscou 1 usuários","timestamp":"2024-11-25 20:30:37"}
{"level":"info","message":"fetchUsers action called!","timestamp":"2024-11-25 20:31:28"}
{"level":"info","message":"Usuário 1 buscou 1 usuários","timestamp":"2024-11-25 20:31:28"}
{"level":"info","message":"fetchUsers action called!","timestamp":"2024-11-25 20:34:11"}
{"level":"info","message":"Usuário 1 buscou 1 usuários","timestamp":"2024-11-25 20:34:11"}
{"level":"info","message":"fetchUsers action called!","timestamp":"2024-11-25 20:34:52"}
{"level":"info","message":"Usuário 1 buscou 1 usuários","timestamp":"2024-11-25 20:34:52"}
{"level":"info","message":"fetchUsers action called!","timestamp":"2024-11-25 20:34:57"}
{"level":"info","message":"Usuário 1 buscou 1 usuários","timestamp":"2024-11-25 20:34:57"}
{"level":"info","message":"fetchUsers action called!","timestamp":"2024-11-25 20:35:00"}
{"level":"info","message":"Usuário 1 buscou 1 usuários","timestamp":"2024-11-25 20:35:01"}
{"level":"info","message":"fetchUsers action called!","timestamp":"2024-11-25 20:35:04"}
{"level":"info","message":"Usuário 1 buscou 1 usuários","timestamp":"2024-11-25 20:35:04"}
{"level":"info","message":"fetchUsers action called!","timestamp":"2024-11-25 20:35:05"}
{"level":"info","message":"Usuário 1 buscou 1 usuários","timestamp":"2024-11-25 20:35:05"}
{"level":"info","message":"fetchUsers action called!","timestamp":"2024-11-25 20:35:07"}
{"level":"info","message":"Usuário 1 buscou 1 usuários","timestamp":"2024-11-25 20:35:07"}
{"level":"info","message":"fetchUsers action called!","timestamp":"2024-11-25 20:35:12"}
{"level":"info","message":"Usuário 1 buscou 1 usuários","timestamp":"2024-11-25 20:35:12"}
{"level":"info","message":"fetchUsers action called!","timestamp":"2024-11-25 20:35:15"}
{"level":"info","message":"Usuário 1 buscou 1 usuários","timestamp":"2024-11-25 20:35:15"}
{"level":"info","message":"fetchUsers action called!","timestamp":"2024-11-25 20:35:41"}
{"level":"info","message":"Usuário 1 buscou 1 usuários","timestamp":"2024-11-25 20:35:41"}
{"level":"info","message":"fetchUsers action called!","timestamp":"2024-11-25 20:43:23"}
{"level":"info","message":"Usuário 1 buscou 1 usuários","timestamp":"2024-11-25 20:43:24"}
{"level":"info","message":"fetchUsers action called!","timestamp":"2024-11-25 20:43:53"}
{"level":"info","message":"Usuário 1 buscou 1 usuários","timestamp":"2024-11-25 20:43:53"}
{"level":"info","message":"fetchUsers action called!","timestamp":"2024-11-25 20:43:57"}
{"level":"info","message":"Usuário 1 buscou 1 usuários","timestamp":"2024-11-25 20:43:57"}
{"level":"info","message":"fetchUsers action called!","timestamp":"2024-11-25 20:44:13"}
{"level":"info","message":"Usuário 1 buscou 1 usuários","timestamp":"2024-11-25 20:44:13"}
{"level":"info","message":"fetchUsers action called!","timestamp":"2024-11-25 20:56:12"}
{"level":"info","message":"Usuário 1 buscou 1 usuários","timestamp":"2024-11-25 20:56:12"}
{"level":"info","message":"fetchUsers action called!","timestamp":"2024-11-25 20:57:08"}
{"level":"info","message":"Usuário 1 buscou 1 usuários","timestamp":"2024-11-25 20:57:08"}
{"level":"info","message":"fetchUsers action called!","timestamp":"2024-11-25 20:57:45"}
{"level":"info","message":"Usuário 1 buscou 1 usuários","timestamp":"2024-11-25 20:57:45"}
{"level":"info","message":"fetchUsers action called!","timestamp":"2024-11-25 20:57:56"}
{"level":"info","message":"Usuário 1 buscou 1 usuários","timestamp":"2024-11-25 20:57:56"}
{"level":"info","message":"fetchUsers action called!","timestamp":"2024-11-25 20:57:57"}
{"level":"info","message":"Usuário 1 buscou 1 usuários","timestamp":"2024-11-25 20:57:57"}
{"level":"info","message":"fetchUsers action called!","timestamp":"2024-11-25 20:57:59"}
{"level":"info","message":"Usuário 1 buscou 1 usuários","timestamp":"2024-11-25 20:57:59"}
{"level":"info","message":"fetchUsers action called!","timestamp":"2024-11-25 20:58:02"}
{"level":"info","message":"Usuário 1 buscou 1 usuários","timestamp":"2024-11-25 20:58:02"}
{"level":"info","message":"fetchUsers action called!","timestamp":"2024-11-25 20:58:17"}
{"level":"info","message":"Usuário 1 buscou 1 usuários","timestamp":"2024-11-25 20:58:17"}
{"level":"info","message":"fetchUsers action called!","timestamp":"2024-11-25 20:58:22"}
{"level":"info","message":"Usuário 1 buscou 1 usuários","timestamp":"2024-11-25 20:58:22"}
{"level":"info","message":"fetchUsers action called!","timestamp":"2024-11-25 21:00:11"}
{"level":"info","message":"Usuário 1 buscou 1 usuários","timestamp":"2024-11-25 21:00:11"}
{"level":"info","message":"fetchUsers action called!","timestamp":"2024-11-25 21:00:21"}
{"level":"info","message":"Usuário 1 buscou 1 usuários","timestamp":"2024-11-25 21:00:21"}
{"level":"info","message":"fetchUsers action called!","timestamp":"2024-11-25 21:00:24"}
{"level":"info","message":"Usuário 1 buscou 1 usuários","timestamp":"2024-11-25 21:00:24"}
{"level":"info","message":"fetchUsers action called!","timestamp":"2024-11-25 21:00:28"}
{"level":"info","message":"Usuário 1 buscou 1 usuários","timestamp":"2024-11-25 21:00:28"}
{"level":"info","message":"fetchUsers action called!","timestamp":"2024-11-25 21:01:16"}
{"level":"info","message":"Usuário 1 buscou 1 usuários","timestamp":"2024-11-25 21:01:16"}
{"level":"info","message":"fetchUsers action called!","timestamp":"2024-11-25 21:01:29"}
{"level":"info","message":"Usuário 1 buscou 1 usuários","timestamp":"2024-11-25 21:01:29"}
{"level":"info","message":"fetchUsers action called!","timestamp":"2024-11-25 21:01:29"}
{"level":"info","message":"Usuário 1 buscou 1 usuários","timestamp":"2024-11-25 21:01:30"}
{"level":"info","message":"fetchUsers action called!","timestamp":"2024-11-25 21:01:58"}
{"level":"info","message":"Usuário 1 buscou 1 usuários","timestamp":"2024-11-25 21:01:58"}
{"level":"info","message":"fetchUsers action called!","timestamp":"2024-11-25 21:13:20"}
{"level":"info","message":"Usuário 1 buscou 1 usuários","timestamp":"2024-11-25 21:13:21"}
{"level":"info","message":"fetchUsers action called!","timestamp":"2024-11-25 21:13:24"}
{"level":"info","message":"Usuário 1 buscou 1 usuários","timestamp":"2024-11-25 21:13:24"}
{"level":"info","message":"fetchUsers action called!","timestamp":"2024-11-25 21:13:30"}
{"level":"info","message":"Usuário 1 buscou 1 usuários","timestamp":"2024-11-25 21:13:30"}
{"formData":{},"level":"info","message":"newUser action called","state":{"isValid":true},"timestamp":"2024-11-25 21:13:45"}
{"level":"info","message":"User criado com sucesso","timestamp":"2024-11-25 21:13:46"}
{"level":"info","message":"fetchUsers action called!","timestamp":"2024-11-25 21:13:51"}
{"level":"info","message":"Usuário 1 buscou 2 usuários","timestamp":"2024-11-25 21:13:51"}
{"level":"info","message":"fetchUsers action called!","timestamp":"2024-11-25 21:13:56"}
{"level":"info","message":"Usuário 1 buscou 2 usuários","timestamp":"2024-11-25 21:13:57"}
{"formData":{},"level":"info","message":"editUser action called","state":{"isValid":true},"timestamp":"2024-11-25 21:14:02"}
{"errors":{"password":["Expected string, received null"]},"level":"error","message":"Campos do formulário inválidos","timestamp":"2024-11-25 21:14:02"}
{"level":"info","message":"fetchUsers action called!","timestamp":"2024-11-25 21:14:46"}
{"level":"info","message":"Usuário 1 buscou 2 usuários","timestamp":"2024-11-25 21:14:46"}
{"level":"info","message":"fetchUsers action called!","timestamp":"2024-11-25 21:16:29"}
{"level":"info","message":"Usuário 1 buscou 2 usuários","timestamp":"2024-11-25 21:16:29"}
{"formData":{},"level":"info","message":"editUser action called","state":{"isValid":true},"timestamp":"2024-11-25 21:16:30"}
{"errors":{"password":["Expected string, received null"]},"level":"error","message":"Campos do formulário inválidos","timestamp":"2024-11-25 21:16:30"}
{"level":"info","message":"fetchUsers action called!","timestamp":"2024-11-25 21:16:32"}
{"level":"info","message":"Usuário 1 buscou 2 usuários","timestamp":"2024-11-25 21:16:32"}
{"level":"info","message":"fetchUsers action called!","timestamp":"2024-11-25 21:16:38"}
{"level":"info","message":"Usuário 1 buscou 2 usuários","timestamp":"2024-11-25 21:16:38"}
{"formData":{},"level":"info","message":"editUser action called","state":{"isValid":true},"timestamp":"2024-11-25 21:16:44"}
{"errors":{"password":["Expected string, received null"]},"level":"error","message":"Campos do formulário inválidos","timestamp":"2024-11-25 21:16:44"}
{"level":"info","message":"fetchUsers action called!","timestamp":"2024-11-25 21:19:04"}
{"level":"info","message":"Usuário 1 buscou 2 usuários","timestamp":"2024-11-25 21:19:05"}
{"formData":{},"level":"info","message":"editUser action called","timestamp":"2024-11-25 21:19:05"}
{"level":"info","message":"User atualizado com sucesso","timestamp":"2024-11-25 21:19:05"}
{"level":"info","message":"fetchUsers action called!","timestamp":"2024-11-25 21:19:08"}
{"level":"info","message":"Usuário 1 buscou 2 usuários","timestamp":"2024-11-25 21:19:08"}
{"level":"info","message":"fetchUsers action called!","timestamp":"2024-11-25 21:19:13"}
{"level":"info","message":"Usuário 1 buscou 2 usuários","timestamp":"2024-11-25 21:19:13"}
{"formData":{},"level":"info","message":"editUser action called","timestamp":"2024-11-25 21:19:17"}
{"level":"info","message":"User atualizado com sucesso","timestamp":"2024-11-25 21:19:17"}
{"level":"info","message":"fetchUsers action called!","timestamp":"2024-11-25 21:19:25"}
{"level":"info","message":"Usuário 1 buscou 2 usuários","timestamp":"2024-11-25 21:19:26"}
{"level":"info","message":"fetchUsers action called!","timestamp":"2024-11-25 21:19:51"}
{"level":"info","message":"Usuário 1 buscou 2 usuários","timestamp":"2024-11-25 21:19:51"}
{"level":"info","message":"deleteUser action called for id 3","timestamp":"2024-11-25 21:19:51"}
{"level":"info","message":"User 3 deletado logicamente pelo usuário 1","timestamp":"2024-11-25 21:19:51"}
{"level":"info","message":"fetchUsers action called!","timestamp":"2024-11-25 21:19:52"}
{"level":"info","message":"Usuário 1 buscou 1 usuários","timestamp":"2024-11-25 21:19:52"}
{"level":"info","message":"fetchUsers action called!","timestamp":"2024-11-25 21:20:07"}
{"level":"info","message":"Usuário 1 buscou 1 usuários","timestamp":"2024-11-25 21:20:07"}
{"level":"info","message":"fetchUsers action called!","timestamp":"2024-11-25 21:20:10"}
{"level":"info","message":"Usuário 1 buscou 1 usuários","timestamp":"2024-11-25 21:20:10"}
{"level":"info","message":"fetchUsers action called!","timestamp":"2024-11-25 21:20:33"}
{"level":"info","message":"Usuário 1 buscou 1 usuários","timestamp":"2024-11-25 21:20:33"}
{"level":"info","message":"fetchUsers action called!","timestamp":"2024-11-25 21:20:46"}
{"level":"info","message":"Usuário 1 buscou 1 usuários","timestamp":"2024-11-25 21:20:46"}
{"level":"info","message":"fetchUsers action called!","timestamp":"2024-11-25 21:22:04"}
{"level":"info","message":"Usuário 1 buscou 1 usuários","timestamp":"2024-11-25 21:22:04"}
{"level":"info","message":"fetchUsers action called!","timestamp":"2024-11-25 21:23:53"}
{"level":"info","message":"Usuário 1 buscou 1 usuários","timestamp":"2024-11-25 21:23:55"}
{"level":"info","message":"fetchUsers action called!","timestamp":"2024-11-25 21:24:00"}
{"level":"info","message":"Usuário 1 buscou 1 usuários","timestamp":"2024-11-25 21:24:00"}
{"level":"info","message":"fetchUsers action called!","timestamp":"2024-11-25 21:24:02"}
{"level":"info","message":"Usuário 1 buscou 1 usuários","timestamp":"2024-11-25 21:24:02"}
{"level":"info","message":"fetchUsers action called!","timestamp":"2024-11-25 21:25:00"}
{"level":"info","message":"Usuário 1 buscou 1 usuários","timestamp":"2024-11-25 21:25:01"}
{"level":"info","message":"fetchUsers action called!","timestamp":"2024-11-25 21:29:09"}
{"level":"info","message":"Usuário 1 buscou 1 usuários","timestamp":"2024-11-25 21:29:09"}
{"level":"info","message":"fetchUsers action called!","timestamp":"2024-11-25 21:30:58"}
{"level":"info","message":"Usuário 1 buscou 1 usuários","timestamp":"2024-11-25 21:30:58"}
{"level":"info","message":"fetchUsers action called!","timestamp":"2024-11-25 21:31:04"}
{"level":"info","message":"Usuário 1 buscou 1 usuários","timestamp":"2024-11-25 21:31:05"}
{"level":"info","message":"fetchUsers action called!","timestamp":"2024-11-25 21:31:11"}
{"level":"info","message":"Usuário 1 buscou 1 usuários","timestamp":"2024-11-25 21:31:12"}
{"level":"info","message":"fetchUsers action called!","timestamp":"2024-11-25 21:32:49"}
{"level":"info","message":"Usuário 1 buscou 2 usuários","timestamp":"2024-11-25 21:32:49"}
{"level":"info","message":"fetchUsers action called!","timestamp":"2024-11-25 21:33:23"}
{"level":"info","message":"Usuário 1 buscou 2 usuários","timestamp":"2024-11-25 21:33:23"}
{"level":"info","message":"fetchUsers action called!","timestamp":"2024-11-25 21:33:27"}
{"level":"info","message":"Usuário 1 buscou 2 usuários","timestamp":"2024-11-25 21:33:27"}
{"level":"info","message":"fetchUsers action called!","timestamp":"2024-11-25 21:33:31"}
{"level":"info","message":"Usuário 1 buscou 2 usuários","timestamp":"2024-11-25 21:33:31"}
{"level":"info","message":"fetchUsers action called!","timestamp":"2024-11-25 21:33:32"}
{"level":"info","message":"Usuário 1 buscou 2 usuários","timestamp":"2024-11-25 21:33:32"}
{"level":"info","message":"fetchUsers action called!","timestamp":"2024-11-25 21:33:44"}
{"level":"info","message":"Usuário 1 buscou 2 usuários","timestamp":"2024-11-25 21:33:44"}
{"level":"info","message":"fetchUsers action called!","timestamp":"2024-11-25 21:34:45"}
{"level":"info","message":"Usuário 1 buscou 2 usuários","timestamp":"2024-11-25 21:34:45"}
{"level":"info","message":"fetchUsers action called!","timestamp":"2024-11-25 21:35:10"}
{"level":"info","message":"Usuário 1 buscou 2 usuários","timestamp":"2024-11-25 21:35:11"}
{"level":"info","message":"fetchUsers action called!","timestamp":"2024-11-25 21:35:19"}
{"level":"info","message":"Usuário 1 buscou 2 usuários","timestamp":"2024-11-25 21:35:20"}
{"level":"info","message":"fetchUsers action called!","timestamp":"2024-11-25 21:35:22"}
{"level":"info","message":"Usuário 1 buscou 2 usuários","timestamp":"2024-11-25 21:35:22"}
{"level":"info","message":"fetchUsers action called!","timestamp":"2024-11-25 21:35:50"}
{"level":"info","message":"Usuário 1 buscou 2 usuários","timestamp":"2024-11-25 21:35:50"}
{"level":"info","message":"fetchUsers action called!","timestamp":"2024-11-25 21:36:07"}
{"level":"info","message":"Usuário 1 buscou 2 usuários","timestamp":"2024-11-25 21:36:07"}
{"level":"info","message":"fetchUsers action called!","timestamp":"2024-11-25 21:38:33"}
{"level":"info","message":"Usuário 1 buscou 2 usuários","timestamp":"2024-11-25 21:38:33"}
{"level":"info","message":"fetchUsers action called!","timestamp":"2024-11-25 21:39:05"}
{"level":"info","message":"Usuário 1 buscou 2 usuários","timestamp":"2024-11-25 21:39:05"}
{"level":"info","message":"fetchUser action called for userId 1","timestamp":"2024-11-25 21:59:12"}
{"level":"info","message":"Usuário 1 buscou o usuário id 1","timestamp":"2024-11-25 21:59:13"}
{"level":"info","message":"fetchUser action called for userId 1","timestamp":"2024-11-25 21:59:17"}
{"level":"info","message":"Usuário 1 buscou o usuário id 1","timestamp":"2024-11-25 21:59:17"}
{"level":"info","message":"fetchUser action called for userId 1","timestamp":"2024-11-25 22:02:06"}
{"level":"info","message":"Usuário 1 buscou o usuário id 1","timestamp":"2024-11-25 22:02:06"}
{"level":"info","message":"fetchUser action called for userId 1","timestamp":"2024-11-25 22:02:37"}
{"level":"info","message":"Usuário 1 buscou o usuário id 1","timestamp":"2024-11-25 22:02:37"}
{"level":"info","message":"fetchUser action called for userId 1","timestamp":"2024-11-25 22:07:02"}
{"level":"info","message":"Usuário 1 buscou o usuário id 1","timestamp":"2024-11-25 22:07:02"}
{"level":"info","message":"fetchUser action called for userId 1","timestamp":"2024-11-25 22:08:36"}
{"level":"info","message":"Usuário 1 buscou o usuário id 1","timestamp":"2024-11-25 22:08:36"}
{"level":"info","message":"fetchUser action called for userId 1","timestamp":"2024-11-25 22:09:33"}
{"level":"info","message":"Usuário 1 buscou o usuário id 1","timestamp":"2024-11-25 22:09:33"}
{"level":"info","message":"fetchUser action called for userId 1","timestamp":"2024-11-25 22:10:14"}
{"level":"info","message":"Usuário 1 buscou o usuário id 1","timestamp":"2024-11-25 22:10:14"}
{"level":"info","message":"fetchUser action called for userId 1","timestamp":"2024-11-25 22:10:44"}
{"level":"info","message":"Usuário 1 buscou o usuário id 1","timestamp":"2024-11-25 22:10:44"}
{"level":"info","message":"fetchUser action called for userId 1","timestamp":"2024-11-25 22:10:44"}
{"level":"info","message":"Usuário 1 buscou o usuário id 1","timestamp":"2024-11-25 22:10:44"}
{"level":"info","message":"fetchUser action called for userId 1","timestamp":"2024-11-25 22:10:49"}
{"level":"info","message":"Usuário 1 buscou o usuário id 1","timestamp":"2024-11-25 22:10:52"}
{"level":"info","message":"fetchUser action called for userId 1","timestamp":"2024-11-25 22:10:52"}
{"level":"info","message":"Usuário 1 buscou o usuário id 1","timestamp":"2024-11-25 22:10:52"}
{"level":"info","message":"fetchUser action called for userId 1","timestamp":"2024-11-25 22:10:52"}
{"level":"info","message":"Usuário 1 buscou o usuário id 1","timestamp":"2024-11-25 22:10:53"}
{"level":"info","message":"fetchUser action called for userId 1","timestamp":"2024-11-25 22:10:53"}
{"level":"info","message":"Usuário 1 buscou o usuário id 1","timestamp":"2024-11-25 22:10:53"}
{"level":"info","message":"fetchUser action called for userId 1","timestamp":"2024-11-25 22:11:21"}
{"level":"info","message":"Usuário 1 buscou o usuário id 1","timestamp":"2024-11-25 22:11:21"}
{"level":"info","message":"fetchUser action called for userId 1","timestamp":"2024-11-25 22:11:21"}
{"level":"info","message":"Usuário 1 buscou o usuário id 1","timestamp":"2024-11-25 22:11:22"}
{"level":"info","message":"fetchUser action called for userId 1","timestamp":"2024-11-25 22:13:57"}
{"level":"info","message":"Usuário 1 buscou o usuário id 1","timestamp":"2024-11-25 22:13:58"}
{"level":"info","message":"fetchUser action called for userId 1","timestamp":"2024-11-25 22:13:59"}
{"level":"info","message":"Usuário 1 buscou o usuário id 1","timestamp":"2024-11-25 22:13:59"}
{"level":"info","message":"fetchUser action called for userId 1","timestamp":"2024-11-25 22:14:36"}
{"level":"info","message":"Usuário 1 buscou o usuário id 1","timestamp":"2024-11-25 22:14:37"}
{"level":"info","message":"fetchUser action called for userId 1","timestamp":"2024-11-25 22:19:11"}
{"level":"info","message":"Usuário 1 buscou o usuário id 1","timestamp":"2024-11-25 22:19:16"}
{"level":"info","message":"fetchUser action called for userId 1","timestamp":"2024-11-25 22:19:28"}
{"level":"info","message":"Usuário 1 buscou o usuário id 1","timestamp":"2024-11-25 22:19:29"}
{"level":"info","message":"fetchUser action called for userId 1","timestamp":"2024-11-25 22:19:34"}
{"level":"info","message":"Usuário 1 buscou o usuário id 1","timestamp":"2024-11-25 22:19:34"}
{"level":"info","message":"fetchUser action called for userId 1","timestamp":"2024-11-25 22:21:26"}
{"level":"info","message":"Usuário 1 buscou o usuário id 1","timestamp":"2024-11-25 22:21:26"}
{"level":"info","message":"fetchUser action called for userId 1","timestamp":"2024-11-25 22:22:27"}
{"level":"info","message":"Usuário 1 buscou o usuário id 1","timestamp":"2024-11-25 22:22:28"}
{"level":"info","message":"fetchUser action called for userId 1","timestamp":"2024-11-25 22:22:41"}
{"level":"info","message":"Usuário 1 buscou o usuário id 1","timestamp":"2024-11-25 22:22:41"}
{"level":"info","message":"fetchUser action called for userId 1","timestamp":"2024-11-25 22:22:45"}
{"level":"info","message":"Usuário 1 buscou o usuário id 1","timestamp":"2024-11-25 22:22:46"}
{"level":"info","message":"fetchUser action called for userId 1","timestamp":"2024-11-25 22:26:06"}
{"level":"info","message":"Usuário 1 buscou o usuário id 1","timestamp":"2024-11-25 22:26:06"}
{"level":"info","message":"fetchUser action called for userId 1","timestamp":"2024-11-25 22:26:39"}
{"level":"info","message":"Usuário 1 buscou o usuário id 1","timestamp":"2024-11-25 22:26:39"}
{"level":"info","message":"fetchUser action called for userId 1","timestamp":"2024-11-25 22:28:02"}
{"level":"info","message":"Usuário 1 buscou o usuário id 1","timestamp":"2024-11-25 22:28:03"}
{"level":"info","message":"fetchUser action called for userId 1","timestamp":"2024-11-25 22:28:49"}
{"level":"info","message":"Usuário 1 buscou o usuário id 1","timestamp":"2024-11-25 22:28:49"}
{"level":"info","message":"fetchUser action called for userId 1","timestamp":"2024-11-25 22:34:46"}
{"level":"info","message":"Usuário 1 buscou o usuário id 1","timestamp":"2024-11-25 22:34:46"}
{"level":"info","message":"fetchUser action called for userId 1","timestamp":"2024-11-25 22:35:39"}
{"level":"info","message":"Usuário 1 buscou o usuário id 1","timestamp":"2024-11-25 22:35:39"}
{"level":"info","message":"fetchUser action called for userId 1","timestamp":"2024-11-25 22:36:16"}
{"level":"info","message":"Usuário 1 buscou o usuário id 1","timestamp":"2024-11-25 22:36:16"}
{"level":"info","message":"fetchUser action called for userId 1","timestamp":"2024-11-25 22:36:20"}
{"level":"info","message":"Usuário 1 buscou o usuário id 1","timestamp":"2024-11-25 22:36:20"}
{"level":"info","message":"fetchUser action called for userId 1","timestamp":"2024-11-25 22:36:22"}
{"level":"info","message":"Usuário 1 buscou o usuário id 1","timestamp":"2024-11-25 22:36:22"}
{"level":"info","message":"fetchUser action called for userId 1","timestamp":"2024-11-25 22:36:24"}
{"level":"info","message":"Usuário 1 buscou o usuário id 1","timestamp":"2024-11-25 22:36:24"}
{"level":"info","message":"fetchUser action called for userId 1","timestamp":"2024-11-25 22:36:26"}
{"level":"info","message":"Usuário 1 buscou o usuário id 1","timestamp":"2024-11-25 22:36:26"}
{"level":"info","message":"fetchUser action called for userId 1","timestamp":"2024-11-25 22:36:34"}
{"level":"info","message":"Usuário 1 buscou o usuário id 1","timestamp":"2024-11-25 22:36:34"}
{"level":"info","message":"fetchUser action called for userId 1","timestamp":"2024-11-25 22:36:34"}
{"level":"info","message":"Usuário 1 buscou o usuário id 1","timestamp":"2024-11-25 22:36:34"}
{"level":"info","message":"fetchUser action called for userId 1","timestamp":"2024-11-25 22:36:36"}
{"level":"info","message":"Usuário 1 buscou o usuário id 1","timestamp":"2024-11-25 22:36:36"}
{"level":"info","message":"fetchUser action called for userId 1","timestamp":"2024-11-25 22:36:37"}
{"level":"info","message":"Usuário 1 buscou o usuário id 1","timestamp":"2024-11-25 22:36:37"}
{"level":"info","message":"fetchUser action called for userId 1","timestamp":"2024-11-25 22:36:38"}
{"level":"info","message":"Usuário 1 buscou o usuário id 1","timestamp":"2024-11-25 22:36:38"}
{"level":"info","message":"fetchUser action called for userId 1","timestamp":"2024-11-25 22:36:39"}
{"level":"info","message":"Usuário 1 buscou o usuário id 1","timestamp":"2024-11-25 22:36:39"}
{"level":"info","message":"fetchUser action called for userId 1","timestamp":"2024-11-25 22:36:40"}
{"level":"info","message":"Usuário 1 buscou o usuário id 1","timestamp":"2024-11-25 22:36:40"}
{"level":"info","message":"fetchUser action called for userId 1","timestamp":"2024-11-25 22:36:40"}
{"level":"info","message":"Usuário 1 buscou o usuário id 1","timestamp":"2024-11-25 22:36:40"}
{"level":"info","message":"fetchUser action called for userId 1","timestamp":"2024-11-25 22:36:42"}
{"level":"info","message":"Usuário 1 buscou o usuário id 1","timestamp":"2024-11-25 22:36:42"}
{"level":"info","message":"fetchUser action called for userId 1","timestamp":"2024-11-25 22:37:15"}
{"level":"info","message":"Usuário 1 buscou o usuário id 1","timestamp":"2024-11-25 22:37:15"}
{"level":"info","message":"fetchUser action called for userId 1","timestamp":"2024-11-25 22:37:25"}
{"level":"info","message":"Usuário 1 buscou o usuário id 1","timestamp":"2024-11-25 22:37:25"}
{"level":"info","message":"fetchUser action called for userId 1","timestamp":"2024-11-25 22:37:54"}
{"level":"info","message":"Usuário 1 buscou o usuário id 1","timestamp":"2024-11-25 22:37:54"}
{"level":"info","message":"fetchUser action called for userId 1","timestamp":"2024-11-25 22:37:54"}
{"level":"info","message":"Usuário 1 buscou o usuário id 1","timestamp":"2024-11-25 22:37:54"}
{"level":"info","message":"fetchUser action called for userId 1","timestamp":"2024-11-25 22:37:55"}
{"level":"info","message":"Usuário 1 buscou o usuário id 1","timestamp":"2024-11-25 22:37:55"}
{"level":"info","message":"fetchUser action called for userId 1","timestamp":"2024-11-25 22:38:27"}
{"level":"info","message":"Usuário 1 buscou o usuário id 1","timestamp":"2024-11-25 22:38:27"}
{"level":"info","message":"fetchUser action called for userId 1","timestamp":"2024-11-25 22:38:42"}
{"level":"info","message":"Usuário 1 buscou o usuário id 1","timestamp":"2024-11-25 22:38:42"}
{"level":"info","message":"fetchUser action called for userId 1","timestamp":"2024-11-25 22:38:44"}
{"level":"info","message":"Usuário 1 buscou o usuário id 1","timestamp":"2024-11-25 22:38:44"}
{"level":"info","message":"fetchUser action called for userId 1","timestamp":"2024-11-25 22:38:45"}
{"level":"info","message":"Usuário 1 buscou o usuário id 1","timestamp":"2024-11-25 22:38:45"}
{"level":"info","message":"fetchUser action called for userId 1","timestamp":"2024-11-25 22:38:57"}
{"level":"info","message":"Usuário 1 buscou o usuário id 1","timestamp":"2024-11-25 22:38:57"}
{"level":"info","message":"fetchUser action called for userId 1","timestamp":"2024-11-25 22:38:57"}
{"level":"info","message":"Usuário 1 buscou o usuário id 1","timestamp":"2024-11-25 22:38:57"}
{"level":"info","message":"fetchUser action called for userId 1","timestamp":"2024-11-25 22:38:57"}
{"level":"info","message":"Usuário 1 buscou o usuário id 1","timestamp":"2024-11-25 22:38:58"}
{"level":"info","message":"fetchUser action called for userId 1","timestamp":"2024-11-25 22:38:59"}
{"level":"info","message":"Usuário 1 buscou o usuário id 1","timestamp":"2024-11-25 22:38:59"}
{"level":"info","message":"fetchUser action called for userId 1","timestamp":"2024-11-25 22:38:59"}
{"level":"info","message":"Usuário 1 buscou o usuário id 1","timestamp":"2024-11-25 22:38:59"}
{"level":"info","message":"fetchUser action called for userId 1","timestamp":"2024-11-25 22:39:01"}
{"level":"info","message":"Usuário 1 buscou o usuário id 1","timestamp":"2024-11-25 22:39:01"}
{"level":"info","message":"fetchUser action called for userId 1","timestamp":"2024-11-25 22:39:01"}
{"level":"info","message":"Usuário 1 buscou o usuário id 1","timestamp":"2024-11-25 22:39:01"}
{"level":"info","message":"fetchUser action called for userId 1","timestamp":"2024-11-25 22:39:02"}
{"level":"info","message":"Usuário 1 buscou o usuário id 1","timestamp":"2024-11-25 22:39:02"}
{"level":"info","message":"fetchUser action called for userId 1","timestamp":"2024-11-25 22:39:02"}
{"level":"info","message":"Usuário 1 buscou o usuário id 1","timestamp":"2024-11-25 22:39:02"}
{"level":"info","message":"fetchUser action called for userId 1","timestamp":"2024-11-25 22:39:06"}
{"level":"info","message":"Usuário 1 buscou o usuário id 1","timestamp":"2024-11-25 22:39:06"}
{"level":"info","message":"fetchUser action called for userId 1","timestamp":"2024-11-25 22:39:07"}
{"level":"info","message":"Usuário 1 buscou o usuário id 1","timestamp":"2024-11-25 22:39:07"}
{"level":"info","message":"fetchUser action called for userId 1","timestamp":"2024-11-25 22:39:08"}
{"level":"info","message":"Usuário 1 buscou o usuário id 1","timestamp":"2024-11-25 22:39:08"}
{"level":"info","message":"fetchUser action called for userId 1","timestamp":"2024-11-25 22:40:09"}
{"level":"info","message":"Usuário 1 buscou o usuário id 1","timestamp":"2024-11-25 22:40:10"}
{"level":"info","message":"fetchUser action called for userId 1","timestamp":"2024-11-25 22:40:22"}
{"level":"info","message":"Usuário 1 buscou o usuário id 1","timestamp":"2024-11-25 22:40:22"}
{"level":"info","message":"fetchUser action called for userId 1","timestamp":"2024-11-25 22:40:26"}
{"level":"info","message":"Usuário 1 buscou o usuário id 1","timestamp":"2024-11-25 22:40:26"}
{"level":"info","message":"fetchUser action called for userId 1","timestamp":"2024-11-25 22:40:42"}
{"level":"info","message":"Usuário 1 buscou o usuário id 1","timestamp":"2024-11-25 22:40:42"}
{"level":"info","message":"fetchUser action called for userId 1","timestamp":"2024-11-25 22:40:43"}
{"level":"info","message":"Usuário 1 buscou o usuário id 1","timestamp":"2024-11-25 22:40:43"}
{"level":"info","message":"fetchUser action called for userId 1","timestamp":"2024-11-25 22:40:44"}
{"level":"info","message":"Usuário 1 buscou o usuário id 1","timestamp":"2024-11-25 22:40:44"}
{"level":"info","message":"fetchUser action called for userId 1","timestamp":"2024-11-25 22:41:13"}
{"level":"info","message":"Usuário 1 buscou o usuário id 1","timestamp":"2024-11-25 22:41:13"}
{"level":"info","message":"fetchUsers action called!","timestamp":"2024-11-25 22:41:18"}
{"level":"info","message":"Usuário 1 buscou 2 usuários","timestamp":"2024-11-25 22:41:18"}
{"level":"info","message":"fetchUser action called for userId 3","timestamp":"2024-11-25 22:41:21"}
{"level":"info","message":"Usuário 1 buscou o usuário id 3","timestamp":"2024-11-25 22:41:21"}
{"level":"info","message":"fetchUser action called for userId 3","timestamp":"2024-11-25 22:42:27"}
{"level":"info","message":"Usuário 1 buscou o usuário id 3","timestamp":"2024-11-25 22:42:27"}
{"level":"info","message":"fetchUsers action called!","timestamp":"2024-11-25 22:42:30"}
{"level":"info","message":"Usuário 1 buscou 2 usuários","timestamp":"2024-11-25 22:42:30"}
{"level":"info","message":"fetchUser action called for userId 1","timestamp":"2024-11-25 22:42:32"}
{"level":"info","message":"Usuário 1 buscou o usuário id 1","timestamp":"2024-11-25 22:42:32"}
{"level":"info","message":"fetchUser action called for userId 1","timestamp":"2024-11-25 22:42:36"}
{"level":"info","message":"Usuário 1 buscou o usuário id 1","timestamp":"2024-11-25 22:42:37"}
{"level":"info","message":"fetchUser action called for userId 1","timestamp":"2024-11-25 22:42:38"}
{"level":"info","message":"Usuário 1 buscou o usuário id 1","timestamp":"2024-11-25 22:42:38"}
{"level":"info","message":"fetchUsers action called!","timestamp":"2024-11-25 22:42:41"}
{"level":"info","message":"Usuário 1 buscou 2 usuários","timestamp":"2024-11-25 22:42:41"}
{"level":"info","message":"fetchUsers action called!","timestamp":"2024-11-25 22:42:45"}
{"level":"info","message":"Usuário 1 buscou 2 usuários","timestamp":"2024-11-25 22:42:45"}
{"level":"info","message":"fetchUser action called for userId 1","timestamp":"2024-11-25 22:42:46"}
{"level":"info","message":"Usuário 1 buscou o usuário id 1","timestamp":"2024-11-25 22:42:46"}
{"level":"info","message":"fetchUsers action called!","timestamp":"2024-11-25 22:42:48"}
{"level":"info","message":"Usuário 1 buscou 2 usuários","timestamp":"2024-11-25 22:42:48"}
{"level":"info","message":"fetchUser action called for userId 1","timestamp":"2024-11-25 22:42:51"}
{"level":"info","message":"Usuário 1 buscou o usuário id 1","timestamp":"2024-11-25 22:42:51"}
{"level":"info","message":"fetchUsers action called!","timestamp":"2024-11-25 22:43:06"}
{"level":"info","message":"Usuário 1 buscou 2 usuários","timestamp":"2024-11-25 22:43:06"}
{"level":"info","message":"fetchUsers action called!","timestamp":"2024-11-25 22:43:12"}
{"level":"info","message":"Usuário 1 buscou 2 usuários","timestamp":"2024-11-25 22:43:12"}
{"level":"info","message":"fetchUsers action called!","timestamp":"2024-11-25 22:43:59"}
{"level":"info","message":"Usuário 1 buscou 2 usuários","timestamp":"2024-11-25 22:43:59"}
{"level":"info","message":"fetchUsers action called!","timestamp":"2024-11-25 22:44:22"}
{"level":"info","message":"Usuário 1 buscou 2 usuários","timestamp":"2024-11-25 22:44:22"}
{"level":"info","message":"fetchUsers action called!","timestamp":"2024-11-25 22:44:48"}
{"level":"info","message":"Usuário 1 buscou 2 usuários","timestamp":"2024-11-25 22:44:48"}
{"level":"info","message":"fetchUsers action called!","timestamp":"2024-11-25 22:45:39"}
{"level":"info","message":"Usuário 1 buscou 2 usuários","timestamp":"2024-11-25 22:45:39"}
{"level":"info","message":"fetchUsers action called!","timestamp":"2024-11-25 22:45:53"}
{"level":"info","message":"Usuário 1 buscou 2 usuários","timestamp":"2024-11-25 22:45:53"}
{"level":"info","message":"fetchUser action called for userId 1","timestamp":"2024-11-25 22:45:56"}
{"level":"info","message":"Usuário 1 buscou o usuário id 1","timestamp":"2024-11-25 22:45:56"}
{"level":"info","message":"fetchUser action called for userId 1","timestamp":"2024-11-25 22:46:26"}
{"level":"info","message":"Usuário 1 buscou o usuário id 1","timestamp":"2024-11-25 22:46:26"}
{"level":"info","message":"fetchUser action called for userId 1","timestamp":"2024-11-25 22:46:26"}
{"level":"info","message":"Usuário 1 buscou o usuário id 1","timestamp":"2024-11-25 22:46:26"}
{"level":"info","message":"fetchUsers action called!","timestamp":"2024-11-25 22:46:31"}
{"level":"info","message":"Usuário 1 buscou 2 usuários","timestamp":"2024-11-25 22:46:31"}
{"level":"info","message":"fetchUser action called for userId 1","timestamp":"2024-11-25 22:46:33"}
{"level":"info","message":"Usuário 1 buscou o usuário id 1","timestamp":"2024-11-25 22:46:33"}
{"level":"info","message":"fetchUser action called for userId 1","timestamp":"2024-11-26 07:48:10"}
{"level":"info","message":"fetchUsers action called!","timestamp":"2024-11-26 08:01:50"}
{"level":"info","message":"Usuário 1 buscou 2 usuários","timestamp":"2024-11-26 08:01:50"}
{"level":"info","message":"fetchUser action called for userId 1","timestamp":"2024-11-26 08:01:52"}
{"level":"info","message":"Usuário 1 buscou o usuário id 1","timestamp":"2024-11-26 08:01:52"}
{"level":"info","message":"fetchUser action called for userId 1","timestamp":"2024-11-26 08:03:26"}
{"level":"info","message":"Usuário 1 buscou o usuário id 1","timestamp":"2024-11-26 08:03:26"}
{"level":"info","message":"fetchUser action called for userId 1","timestamp":"2024-11-26 08:04:13"}
{"level":"info","message":"Usuário 1 buscou o usuário id 1","timestamp":"2024-11-26 08:04:13"}
{"level":"info","message":"fetchUser action called for userId 1","timestamp":"2024-11-26 08:04:16"}
{"level":"info","message":"Usuário 1 buscou o usuário id 1","timestamp":"2024-11-26 08:04:16"}
{"level":"info","message":"fetchUser action called for userId 1","timestamp":"2024-11-26 08:04:16"}
{"level":"info","message":"Usuário 1 buscou o usuário id 1","timestamp":"2024-11-26 08:04:16"}
{"level":"info","message":"fetchUser action called for userId 1","timestamp":"2024-11-26 08:04:16"}
{"level":"info","message":"Usuário 1 buscou o usuário id 1","timestamp":"2024-11-26 08:04:17"}
{"level":"info","message":"fetchUser action called for userId 1","timestamp":"2024-11-26 08:04:17"}
{"level":"info","message":"Usuário 1 buscou o usuário id 1","timestamp":"2024-11-26 08:04:17"}
{"level":"info","message":"fetchUser action called for userId 1","timestamp":"2024-11-26 08:04:19"}
{"level":"info","message":"Usuário 1 buscou o usuário id 1","timestamp":"2024-11-26 08:04:19"}
{"level":"info","message":"fetchUser action called for userId 1","timestamp":"2024-11-26 08:04:35"}
{"level":"info","message":"Usuário 1 buscou o usuário id 1","timestamp":"2024-11-26 08:04:35"}
{"level":"info","message":"fetchUser action called for userId 1","timestamp":"2024-11-26 08:04:37"}
{"level":"info","message":"Usuário 1 buscou o usuário id 1","timestamp":"2024-11-26 08:04:37"}
{"level":"info","message":"fetchUser action called for userId 1","timestamp":"2024-11-26 08:04:57"}
{"level":"info","message":"Usuário 1 buscou o usuário id 1","timestamp":"2024-11-26 08:04:58"}
{"level":"info","message":"fetchUser action called for userId 1","timestamp":"2024-11-26 08:04:58"}
{"level":"info","message":"Usuário 1 buscou o usuário id 1","timestamp":"2024-11-26 08:04:58"}
{"level":"info","message":"fetchUser action called for userId 1","timestamp":"2024-11-26 08:05:36"}
{"level":"info","message":"Usuário 1 buscou o usuário id 1","timestamp":"2024-11-26 08:05:36"}
{"level":"info","message":"fetchUser action called for userId 1","timestamp":"2024-11-26 08:06:09"}
{"level":"info","message":"Usuário 1 buscou o usuário id 1","timestamp":"2024-11-26 08:06:09"}
{"level":"info","message":"fetchUser action called for userId 1","timestamp":"2024-11-26 08:06:36"}
{"level":"info","message":"Usuário 1 buscou o usuário id 1","timestamp":"2024-11-26 08:06:36"}
{"level":"info","message":"fetchUser action called for userId 1","timestamp":"2024-11-26 08:06:41"}
{"level":"info","message":"Usuário 1 buscou o usuário id 1","timestamp":"2024-11-26 08:06:41"}
{"level":"info","message":"fetchUser action called for userId 1","timestamp":"2024-11-26 08:07:29"}
{"level":"info","message":"Usuário 1 buscou o usuário id 1","timestamp":"2024-11-26 08:07:29"}
{"level":"info","message":"fetchUser action called for userId 1","timestamp":"2024-11-26 08:07:39"}
{"level":"info","message":"Usuário 1 buscou o usuário id 1","timestamp":"2024-11-26 08:07:39"}
{"level":"info","message":"fetchUser action called for userId 1","timestamp":"2024-11-26 08:13:35"}
{"level":"info","message":"Usuário 1 buscou o usuário id 1","timestamp":"2024-11-26 08:13:35"}
{"level":"info","message":"fetchUser action called for userId 1","timestamp":"2024-11-26 08:13:41"}
{"level":"info","message":"Usuário 1 buscou o usuário id 1","timestamp":"2024-11-26 08:13:42"}
{"level":"info","message":"fetchUser action called for userId 1","timestamp":"2024-11-26 08:13:44"}
{"level":"info","message":"Usuário 1 buscou o usuário id 1","timestamp":"2024-11-26 08:13:44"}
{"level":"info","message":"fetchUser action called for userId 1","timestamp":"2024-11-26 08:13:58"}
{"level":"info","message":"Usuário 1 buscou o usuário id 1","timestamp":"2024-11-26 08:13:58"}
{"level":"info","message":"fetchUser action called for userId 1","timestamp":"2024-11-26 08:14:30"}
{"level":"info","message":"Usuário 1 buscou o usuário id 1","timestamp":"2024-11-26 08:14:30"}
{"level":"info","message":"fetchUser action called for userId 1","timestamp":"2024-11-26 08:15:00"}
{"level":"info","message":"Usuário 1 buscou o usuário id 1","timestamp":"2024-11-26 08:15:01"}
{"level":"info","message":"fetchUser action called for userId 1","timestamp":"2024-11-26 08:15:17"}
{"level":"info","message":"Usuário 1 buscou o usuário id 1","timestamp":"2024-11-26 08:15:18"}
{"level":"info","message":"fetchUser action called for userId 1","timestamp":"2024-11-26 08:15:20"}
{"level":"info","message":"Usuário 1 buscou o usuário id 1","timestamp":"2024-11-26 08:15:20"}
{"level":"info","message":"fetchUser action called for userId 1","timestamp":"2024-11-26 08:16:12"}
{"level":"info","message":"Usuário 1 buscou o usuário id 1","timestamp":"2024-11-26 08:16:12"}
{"level":"info","message":"fetchUser action called for userId 1","timestamp":"2024-11-26 08:16:48"}
{"level":"info","message":"Usuário 1 buscou o usuário id 1","timestamp":"2024-11-26 08:16:48"}
{"level":"info","message":"fetchContractPermissions action called for userId userContract-1","timestamp":"2024-11-26 08:17:24"}
{"level":"error","message":"ID do User inválido: userContract-1","timestamp":"2024-11-26 08:17:24"}
{"level":"info","message":"fetchUser action called for userId 1","timestamp":"2024-11-26 08:17:27"}
{"level":"info","message":"Usuário 1 buscou o usuário id 1","timestamp":"2024-11-26 08:17:27"}
{"level":"info","message":"fetchContractPermissions action called for userId userContract-1","timestamp":"2024-11-26 08:17:27"}
{"level":"error","message":"ID do User inválido: userContract-1","timestamp":"2024-11-26 08:17:27"}
{"level":"info","message":"fetchContractPermissions action called for userId userContract-1","timestamp":"2024-11-26 08:17:38"}
{"level":"error","message":"ID do User inválido: userContract-1","timestamp":"2024-11-26 08:17:38"}
{"level":"info","message":"fetchUser action called for userId 1","timestamp":"2024-11-26 08:17:56"}
{"level":"info","message":"Usuário 1 buscou o usuário id 1","timestamp":"2024-11-26 08:17:56"}
{"level":"info","message":"fetchContractPermissions action called for userId userContract-1","timestamp":"2024-11-26 08:17:56"}
{"level":"error","message":"ID do User inválido: userContract-1","timestamp":"2024-11-26 08:17:56"}
{"level":"info","message":"fetchContractPermissions action called for userId userContract-1","timestamp":"2024-11-26 08:18:07"}
{"level":"error","message":"ID do User inválido: userContract-1","timestamp":"2024-11-26 08:18:07"}
{"level":"info","message":"fetchUser action called for userId 1","timestamp":"2024-11-26 08:22:50"}
{"level":"info","message":"Usuário 1 buscou o usuário id 1","timestamp":"2024-11-26 08:22:50"}
{"level":"info","message":"fetchUser action called for userId 1","timestamp":"2024-11-26 08:22:51"}
{"level":"info","message":"Usuário 1 buscou o usuário id 1","timestamp":"2024-11-26 08:22:52"}
{"level":"info","message":"fetchContractPermissions action called for userId userContract-1","timestamp":"2024-11-26 08:22:52"}
{"level":"info","message":"fetchContractPermissions action called for userId userContract-1","timestamp":"2024-11-26 08:23:02"}
{"level":"info","message":"fetchContractPermissions action called for userId userContract-1","timestamp":"2024-11-26 08:23:28"}
{"level":"info","message":"fetchUser action called for userId 1","timestamp":"2024-11-26 08:24:03"}
{"level":"info","message":"Usuário 1 buscou o usuário id 1","timestamp":"2024-11-26 08:24:03"}
{"level":"info","message":"fetchContractPermissions action called for userId userContract-1","timestamp":"2024-11-26 08:24:03"}
{"level":"info","message":"fetchUser action called for userId 1","timestamp":"2024-11-26 08:24:05"}
{"level":"info","message":"Usuário 1 buscou o usuário id 1","timestamp":"2024-11-26 08:24:05"}
{"level":"info","message":"fetchContractPermissions action called for userId userContract-1","timestamp":"2024-11-26 08:24:05"}
{"level":"info","message":"fetchContractPermissions action called for userId userContract-1","timestamp":"2024-11-26 08:24:11"}
{"level":"info","message":"fetchUser action called for userId 1","timestamp":"2024-11-26 08:24:42"}
{"level":"info","message":"Usuário 1 buscou o usuário id 1","timestamp":"2024-11-26 08:24:43"}
{"level":"info","message":"fetchContractPermissions action called for userId userContract-1","timestamp":"2024-11-26 08:24:43"}
{"level":"info","message":"Usuário 1 buscou as permissões de contrato do usuário id userContract-1","timestamp":"2024-11-26 08:24:43"}
{"level":"info","message":"fetchUser action called for userId 1","timestamp":"2024-11-26 08:25:10"}
{"level":"info","message":"Usuário 1 buscou o usuário id 1","timestamp":"2024-11-26 08:25:10"}
{"level":"info","message":"fetchContractPermissions action called for userId userContract-1","timestamp":"2024-11-26 08:25:10"}
{"level":"info","message":"Usuário 1 buscou as permissões de contrato do usuário id userContract-1","timestamp":"2024-11-26 08:25:10"}
{"level":"info","message":"fetchUser action called for userId 1","timestamp":"2024-11-26 08:25:13"}
{"level":"info","message":"Usuário 1 buscou o usuário id 1","timestamp":"2024-11-26 08:25:13"}
{"level":"info","message":"fetchContractPermissions action called for userId userContract-1","timestamp":"2024-11-26 08:25:13"}
{"level":"info","message":"Usuário 1 buscou as permissões de contrato do usuário id userContract-1","timestamp":"2024-11-26 08:25:13"}
{"level":"info","message":"fetchUser action called for userId 1","timestamp":"2024-11-26 08:25:25"}
{"level":"info","message":"Usuário 1 buscou o usuário id 1","timestamp":"2024-11-26 08:25:25"}
{"level":"info","message":"fetchContractPermissions action called for userId userContract-1","timestamp":"2024-11-26 08:25:25"}
{"level":"info","message":"Usuário 1 buscou as permissões de contrato do usuário id userContract-1","timestamp":"2024-11-26 08:25:25"}
{"level":"info","message":"fetchUser action called for userId 1","timestamp":"2024-11-26 08:25:27"}
{"level":"info","message":"Usuário 1 buscou o usuário id 1","timestamp":"2024-11-26 08:25:27"}
{"level":"info","message":"fetchContractPermissions action called for userId userContract-1","timestamp":"2024-11-26 08:25:27"}
{"level":"info","message":"Usuário 1 buscou as permissões de contrato do usuário id userContract-1","timestamp":"2024-11-26 08:25:28"}
{"level":"info","message":"fetchUser action called for userId 1","timestamp":"2024-11-26 08:25:33"}
{"level":"info","message":"Usuário 1 buscou o usuário id 1","timestamp":"2024-11-26 08:25:33"}
{"level":"info","message":"fetchContractPermissions action called for userId userContract-1","timestamp":"2024-11-26 08:25:33"}
{"level":"info","message":"Usuário 1 buscou as permissões de contrato do usuário id userContract-1","timestamp":"2024-11-26 08:25:33"}
{"level":"info","message":"fetchUser action called for userId 1","timestamp":"2024-11-26 08:25:35"}
{"level":"info","message":"Usuário 1 buscou o usuário id 1","timestamp":"2024-11-26 08:25:35"}
{"level":"info","message":"fetchContractPermissions action called for userId userContract-1","timestamp":"2024-11-26 08:25:36"}
{"level":"info","message":"Usuário 1 buscou as permissões de contrato do usuário id userContract-1","timestamp":"2024-11-26 08:25:36"}
{"level":"info","message":"fetchUser action called for userId 1","timestamp":"2024-11-26 08:25:53"}
{"level":"info","message":"Usuário 1 buscou o usuário id 1","timestamp":"2024-11-26 08:25:53"}
{"level":"info","message":"fetchContractPermissions action called for userId userContract-1","timestamp":"2024-11-26 08:25:53"}
{"level":"info","message":"Usuário 1 buscou as permissões de contrato do usuário id userContract-1","timestamp":"2024-11-26 08:25:53"}
{"level":"info","message":"fetchUser action called for userId 1","timestamp":"2024-11-26 08:26:50"}
{"level":"info","message":"Usuário 1 buscou o usuário id 1","timestamp":"2024-11-26 08:26:50"}
{"level":"info","message":"fetchContractPermissions action called for userId userContract-1","timestamp":"2024-11-26 08:26:50"}
{"level":"info","message":"Usuário 1 buscou as permissões de contrato do usuário id userContract-1","timestamp":"2024-11-26 08:26:50"}
{"level":"info","message":"fetchUser action called for userId 1","timestamp":"2024-11-26 08:28:48"}
{"level":"info","message":"Usuário 1 buscou o usuário id 1","timestamp":"2024-11-26 08:28:48"}
{"level":"info","message":"fetchUser action called for userId 1","timestamp":"2024-11-26 08:28:50"}
{"level":"info","message":"Usuário 1 buscou o usuário id 1","timestamp":"2024-11-26 08:28:50"}
{"level":"info","message":"fetchContractPermissions action called for userId userContract-1","timestamp":"2024-11-26 08:28:50"}
{"level":"info","message":"Usuário 1 buscou as permissões de contrato do usuário id userContract-1","timestamp":"2024-11-26 08:28:50"}
{"level":"info","message":"fetchUser action called for userId 1","timestamp":"2024-11-26 08:29:14"}
{"level":"info","message":"Usuário 1 buscou o usuário id 1","timestamp":"2024-11-26 08:29:14"}
{"level":"info","message":"fetchContractPermissions action called for userId userContract-1","timestamp":"2024-11-26 08:29:14"}
{"level":"info","message":"Usuário 1 buscou as permissões de contrato do usuário id userContract-1","timestamp":"2024-11-26 08:29:14"}
{"level":"info","message":"fetchUser action called for userId 1","timestamp":"2024-11-26 08:29:20"}
{"level":"info","message":"Usuário 1 buscou o usuário id 1","timestamp":"2024-11-26 08:29:20"}
{"level":"info","message":"fetchContractPermissions action called for userId userContract-1","timestamp":"2024-11-26 08:29:20"}
{"level":"info","message":"Usuário 1 buscou as permissões de contrato do usuário id userContract-1","timestamp":"2024-11-26 08:29:20"}
{"level":"info","message":"fetchUser action called for userId 1","timestamp":"2024-11-26 08:29:22"}
{"level":"info","message":"Usuário 1 buscou o usuário id 1","timestamp":"2024-11-26 08:29:22"}
{"level":"info","message":"fetchContractPermissions action called for userId userContract-1","timestamp":"2024-11-26 08:29:22"}
{"level":"info","message":"Usuário 1 buscou as permissões de contrato do usuário id userContract-1","timestamp":"2024-11-26 08:29:22"}
{"level":"info","message":"fetchContractPermissions action called for userId userContract-1","timestamp":"2024-11-26 08:29:24"}
{"level":"info","message":"Usuário 1 buscou as permissões de contrato do usuário id userContract-1","timestamp":"2024-11-26 08:29:24"}
{"level":"info","message":"fetchContractPermissions action called for userId userContract-1","timestamp":"2024-11-26 08:29:24"}
{"level":"info","message":"Usuário 1 buscou as permissões de contrato do usuário id userContract-1","timestamp":"2024-11-26 08:29:24"}
{"level":"info","message":"fetchContractPermissions action called for userId userContract-1","timestamp":"2024-11-26 08:29:25"}
{"level":"info","message":"Usuário 1 buscou as permissões de contrato do usuário id userContract-1","timestamp":"2024-11-26 08:29:25"}
{"level":"info","message":"fetchContractPermissions action called for userId userContract-1","timestamp":"2024-11-26 08:29:25"}
{"level":"info","message":"Usuário 1 buscou as permissões de contrato do usuário id userContract-1","timestamp":"2024-11-26 08:29:25"}
{"level":"info","message":"fetchUser action called for userId 1","timestamp":"2024-11-26 08:30:14"}
{"level":"info","message":"Usuário 1 buscou o usuário id 1","timestamp":"2024-11-26 08:30:14"}
{"level":"info","message":"fetchContractPermissions action called for userId userContract-1","timestamp":"2024-11-26 08:30:14"}
{"level":"info","message":"Usuário 1 buscou as permissões de contrato do usuário id userContract-1","timestamp":"2024-11-26 08:30:14"}
{"level":"info","message":"fetchUser action called for userId 1","timestamp":"2024-11-26 08:30:50"}
{"level":"info","message":"Usuário 1 buscou o usuário id 1","timestamp":"2024-11-26 08:30:50"}
{"level":"info","message":"fetchContractPermissions action called for userId userContract-1","timestamp":"2024-11-26 08:30:50"}
{"level":"info","message":"Usuário 1 buscou as permissões de contrato do usuário id userContract-1","timestamp":"2024-11-26 08:30:50"}
{"level":"info","message":"fetchUser action called for userId 1","timestamp":"2024-11-26 08:31:13"}
{"level":"info","message":"Usuário 1 buscou o usuário id 1","timestamp":"2024-11-26 08:31:13"}
{"level":"info","message":"fetchContractPermissions action called for userId userContract-1","timestamp":"2024-11-26 08:31:13"}
{"level":"info","message":"Usuário 1 buscou as permissões de contrato do usuário id userContract-1","timestamp":"2024-11-26 08:31:14"}
{"level":"info","message":"fetchUser action called for userId 1","timestamp":"2024-11-26 08:31:50"}
{"level":"info","message":"Usuário 1 buscou o usuário id 1","timestamp":"2024-11-26 08:31:50"}
{"level":"info","message":"fetchContractPermissions action called for userId userContract-1","timestamp":"2024-11-26 08:31:50"}
{"level":"info","message":"Usuário 1 buscou as permissões de contrato do usuário id userContract-1","timestamp":"2024-11-26 08:31:50"}
{"level":"info","message":"fetchUser action called for userId 1","timestamp":"2024-11-26 08:32:25"}
{"level":"info","message":"Usuário 1 buscou o usuário id 1","timestamp":"2024-11-26 08:32:25"}
{"level":"info","message":"fetchUser action called for userId 1","timestamp":"2024-11-26 08:32:27"}
{"level":"info","message":"Usuário 1 buscou o usuário id 1","timestamp":"2024-11-26 08:32:27"}
{"level":"info","message":"fetchContractPermissions action called for userId userContract-1","timestamp":"2024-11-26 08:32:27"}
{"level":"info","message":"Usuário 1 buscou as permissões de contrato do usuário id userContract-1","timestamp":"2024-11-26 08:32:27"}
{"level":"info","message":"fetchUser action called for userId 1","timestamp":"2024-11-26 08:32:55"}
{"level":"info","message":"Usuário 1 buscou o usuário id 1","timestamp":"2024-11-26 08:32:55"}
{"level":"info","message":"fetchContractPermissions action called for userId userContract-1","timestamp":"2024-11-26 08:32:55"}
{"level":"info","message":"Usuário 1 buscou as permissões de contrato do usuário id userContract-1","timestamp":"2024-11-26 08:32:55"}
{"level":"info","message":"fetchUser action called for userId 1","timestamp":"2024-11-26 08:33:21"}
{"level":"info","message":"Usuário 1 buscou o usuário id 1","timestamp":"2024-11-26 08:33:21"}
{"level":"info","message":"fetchContractPermissions action called for userId userContract-1","timestamp":"2024-11-26 08:33:21"}
{"level":"info","message":"Usuário 1 buscou as permissões de contrato do usuário id userContract-1","timestamp":"2024-11-26 08:33:21"}
{"level":"info","message":"fetchUser action called for userId 1","timestamp":"2024-11-26 08:33:23"}
{"level":"info","message":"Usuário 1 buscou o usuário id 1","timestamp":"2024-11-26 08:33:23"}
{"level":"info","message":"fetchContractPermissions action called for userId userContract-1","timestamp":"2024-11-26 08:33:23"}
{"level":"info","message":"Usuário 1 buscou as permissões de contrato do usuário id userContract-1","timestamp":"2024-11-26 08:33:23"}
{"level":"info","message":"fetchUser action called for userId 1","timestamp":"2024-11-26 08:33:37"}
{"level":"info","message":"Usuário 1 buscou o usuário id 1","timestamp":"2024-11-26 08:33:37"}
{"level":"info","message":"fetchContractPermissions action called for userId userContract-1","timestamp":"2024-11-26 08:33:37"}
{"level":"info","message":"Usuário 1 buscou as permissões de contrato do usuário id userContract-1","timestamp":"2024-11-26 08:33:38"}
{"level":"info","message":"fetchUser action called for userId 1","timestamp":"2024-11-26 08:33:39"}
{"level":"info","message":"Usuário 1 buscou o usuário id 1","timestamp":"2024-11-26 08:33:40"}
{"level":"info","message":"fetchContractPermissions action called for userId userContract-1","timestamp":"2024-11-26 08:33:40"}
{"level":"info","message":"Usuário 1 buscou as permissões de contrato do usuário id userContract-1","timestamp":"2024-11-26 08:33:40"}
{"level":"info","message":"fetchUser action called for userId 1","timestamp":"2024-11-26 08:34:07"}
{"level":"info","message":"Usuário 1 buscou o usuário id 1","timestamp":"2024-11-26 08:34:07"}
{"level":"info","message":"fetchContractPermissions action called for userId userContract-1","timestamp":"2024-11-26 08:34:08"}
{"level":"info","message":"Usuário 1 buscou as permissões de contrato do usuário id userContract-1","timestamp":"2024-11-26 08:34:08"}
{"level":"info","message":"fetchUser action called for userId 1","timestamp":"2024-11-26 08:34:12"}
{"level":"info","message":"Usuário 1 buscou o usuário id 1","timestamp":"2024-11-26 08:34:12"}
{"level":"info","message":"fetchUser action called for userId 1","timestamp":"2024-11-26 08:34:14"}
{"level":"info","message":"Usuário 1 buscou o usuário id 1","timestamp":"2024-11-26 08:34:14"}
{"level":"info","message":"fetchContractPermissions action called for userId userContract-1","timestamp":"2024-11-26 08:34:15"}
{"level":"info","message":"Usuário 1 buscou as permissões de contrato do usuário id userContract-1","timestamp":"2024-11-26 08:34:15"}
{"level":"info","message":"fetchUser action called for userId 1","timestamp":"2024-11-26 08:34:21"}
{"level":"info","message":"Usuário 1 buscou o usuário id 1","timestamp":"2024-11-26 08:34:21"}
{"level":"info","message":"fetchContractPermissions action called for userId userContract-1","timestamp":"2024-11-26 08:34:21"}
{"level":"info","message":"Usuário 1 buscou as permissões de contrato do usuário id userContract-1","timestamp":"2024-11-26 08:34:21"}
{"level":"info","message":"fetchUser action called for userId 1","timestamp":"2024-11-26 08:34:28"}
{"level":"info","message":"Usuário 1 buscou o usuário id 1","timestamp":"2024-11-26 08:34:29"}
{"level":"info","message":"fetchContractPermissions action called for userId userContract-1","timestamp":"2024-11-26 08:34:29"}
{"level":"info","message":"Usuário 1 buscou as permissões de contrato do usuário id userContract-1","timestamp":"2024-11-26 08:34:29"}
{"level":"info","message":"fetchUser action called for userId 1","timestamp":"2024-11-26 08:34:43"}
{"level":"info","message":"Usuário 1 buscou o usuário id 1","timestamp":"2024-11-26 08:34:43"}
{"level":"info","message":"fetchContractPermissions action called for userId userContract-1","timestamp":"2024-11-26 08:34:43"}
{"level":"info","message":"Usuário 1 buscou as permissões de contrato do usuário id userContract-1","timestamp":"2024-11-26 08:34:43"}
